[22:34:48] [main/INFO]: Loading Minecraft 1.21.1 with Fabric Loader 0.18.2
[22:34:48] [main/INFO]: Loading 4 mods:
	- fabricloader 0.18.2
	   \-- mixinextras 0.5.0
	- java 21
	- minecraft 1.21.1
[22:34:48] [main/INFO]: SpongePowered MIXIN Subsystem Version=0.8.7 Source=file:/workspaces/cobleverse/servidor_minecraft/libraries/net/fabricmc/sponge-mixin/0.16.5+mixin.0.8.7/sponge-mixin-0.16.5+mixin.0.8.7.jar Service=Knot/Fabric Env=SERVER
[22:34:53] [main/INFO]: Environment: Environment[sessionHost=https://sessionserver.mojang.com, servicesHost=https://api.minecraftservices.com, name=PROD]
[22:34:54] [main/INFO]: No existing world data, creating new world
[22:34:55] [main/INFO]: Loaded 1290 recipes
[22:34:55] [main/INFO]: Loaded 1399 advancements
[22:34:55] [Server thread/INFO]: Starting minecraft server version 1.21.1
[22:34:55] [Server thread/INFO]: Loading properties
[22:34:55] [Server thread/INFO]: Default game type: SURVIVAL
[22:34:55] [Server thread/INFO]: Generating keypair
[22:34:55] [Server thread/INFO]: Starting Minecraft server on *:25565
[22:34:55] [Server thread/INFO]: Using epoll channel type
[22:34:55] [Server thread/WARN]: **** SERVER IS RUNNING IN OFFLINE/INSECURE MODE!
[22:34:55] [Server thread/WARN]: The server will make no attempt to authenticate usernames. Beware.
[22:34:55] [Server thread/WARN]: While this makes the game possible to play without internet access, it also opens up the ability for hackers to connect with any username they choose.
[22:34:55] [Server thread/WARN]: To change this, set "online-mode" to "true" in the server.properties file.
[22:34:55] [Server thread/INFO]: Preparing level "world"
[22:35:03] [Server thread/INFO]: Preparing start region for dimension minecraft:overworld
[22:35:03] [Worker-Main-3/INFO]: Preparing spawn area: 2%
[22:35:03] [Worker-Main-1/INFO]: Preparing spawn area: 2%
[22:35:04] [Worker-Main-2/INFO]: Preparing spawn area: 2%
[22:35:04] [Worker-Main-2/INFO]: Preparing spawn area: 2%
[22:35:05] [Worker-Main-1/INFO]: Preparing spawn area: 2%
[22:35:05] [Worker-Main-1/INFO]: Preparing spawn area: 8%
[22:35:06] [Worker-Main-1/INFO]: Preparing spawn area: 16%
[22:35:07] [Worker-Main-1/INFO]: Preparing spawn area: 18%
[22:35:07] [Worker-Main-1/INFO]: Preparing spawn area: 18%
[22:35:07] [Worker-Main-2/INFO]: Preparing spawn area: 32%
[22:35:08] [Worker-Main-3/INFO]: Preparing spawn area: 51%
[22:35:08] [Worker-Main-3/INFO]: Preparing spawn area: 51%
[22:35:09] [Worker-Main-3/INFO]: Preparing spawn area: 51%
[22:35:09] [Server thread/INFO]: Time elapsed: 6195 ms
[22:35:09] [Server thread/INFO]: Done (13.498s)! For help, type "help"
